<?xml version="1.0" encoding="UTF-8"?>
<testsuite name="SILab2Test" tests="9" skipped="0" failures="0" errors="0" timestamp="2024-05-20T22:14:10" hostname="DESKTOP-NR6K850" time="0.007">
  <properties/>
  <testcase name="testMultipleConditionTestCaseFXX" classname="SILab2Test" time="0.003"/>
  <testcase name="testMultipleConditionTestCaseTFX" classname="SILab2Test" time="0.0"/>
  <testcase name="testMultipleConditionTestCaseTTF" classname="SILab2Test" time="0.0"/>
  <testcase name="testMultipleConditionTestCaseTTT" classname="SILab2Test" time="0.0"/>
  <testcase name="testEveryBranchTestCase1" classname="SILab2Test" time="0.001"/>
  <testcase name="testEveryBranchTestCase2" classname="SILab2Test" time="0.0"/>
  <testcase name="testEveryBranchTestCase3" classname="SILab2Test" time="0.0"/>
  <testcase name="testEveryBranchTestCase4" classname="SILab2Test" time="0.0"/>
  <testcase name="testEveryBranchTestCase5" classname="SILab2Test" time="0.0"/>
  <system-out><![CDATA[]]></system-out>
  <system-err><![CDATA[]]></system-err>
</testsuite>
