<?xml version="1.0" encoding="UTF-8"?>
<testsuite name="SILab2Test" tests="2" skipped="0" failures="0" errors="0" timestamp="2024-05-21T20:07:59" hostname="DESKTOP-NR6K850" time="0.009">
  <properties/>
  <testcase name="testMultipleCondition" classname="SILab2Test" time="0.003"/>
  <testcase name="testEveryBranch" classname="SILab2Test" time="0.006"/>
  <system-out><![CDATA[Test allItems == null
Test name == null, barcode == null
Testing if barcode has invalid character
Test discount > 0, price >= 300, barcode[0] == '0', sum >= payment
Test sum < payment, discount < 0
]]></system-out>
  <system-err><![CDATA[]]></system-err>
</testsuite>
